[debug] [2026-05-29T10:19:08.488Z] ----------------------------------------------------------------------
[debug] [2026-05-29T10:19:08.492Z] Command:       C:\Program Files\nodejs\node.exe C:\Users\USER\AppData\Local\npm-cache\_npx\7750544ccf494d8b\node_modules\firebase-tools\lib\bin\firebase.js deploy --only firestore:rules --project jplearning-2dbfb
[debug] [2026-05-29T10:19:08.492Z] CLI Version:   15.19.0
[debug] [2026-05-29T10:19:08.492Z] Platform:      win32
[debug] [2026-05-29T10:19:08.492Z] Node Version:  v22.16.0
[debug] [2026-05-29T10:19:08.492Z] Time:          Fri May 29 2026 19:19:08 GMT+0900 (대한민국 표준시)
[debug] [2026-05-29T10:19:08.493Z] ----------------------------------------------------------------------
[debug]
[debug] [2026-05-29T10:19:11.040Z] > command requires scopes: ["email","openid","https://www.googleapis.com/auth/cloudplatformprojects.readonly","https://www.googleapis.com/auth/firebase","https://www.googleapis.com/auth/cloud-platform"]
[debug] [2026-05-29T10:19:11.041Z] > authorizing via signed-in user (izonelove2@gmail.com)
[debug] [2026-05-29T10:19:11.041Z] [iam] checking project jplearning-2dbfb for permissions ["datastore.indexes.create","datastore.indexes.delete","datastore.indexes.list","datastore.indexes.update","firebase.projects.get"]
[debug] [2026-05-29T10:19:11.043Z] Checked if tokens are valid: true, expires at: 1780053357268
[debug] [2026-05-29T10:19:11.043Z] Checked if tokens are valid: true, expires at: 1780053357268
[debug] [2026-05-29T10:19:11.044Z] >>> [apiv2][query] POST https://cloudresourcemanager.googleapis.com/v1/projects/jplearning-2dbfb:testIamPermissions [none]
[debug] [2026-05-29T10:19:11.044Z] >>> [apiv2][(partial)header] POST https://cloudresourcemanager.googleapis.com/v1/projects/jplearning-2dbfb:testIamPermissions  x-goog-user-project=jplearning-2dbfb
[debug] [2026-05-29T10:19:11.044Z] >>> [apiv2][body] POST https://cloudresourcemanager.googleapis.com/v1/projects/jplearning-2dbfb:testIamPermissions {"permissions":["datastore.indexes.create","datastore.indexes.delete","datastore.indexes.list","datastore.indexes.update","firebase.projects.get"]}
[debug] [2026-05-29T10:19:11.464Z] <<< [apiv2][status] POST https://cloudresourcemanager.googleapis.com/v1/projects/jplearning-2dbfb:testIamPermissions 200
[debug] [2026-05-29T10:19:11.465Z] <<< [apiv2][body] POST https://cloudresourcemanager.googleapis.com/v1/projects/jplearning-2dbfb:testIamPermissions {"permissions":["datastore.indexes.create","datastore.indexes.delete","datastore.indexes.list","datastore.indexes.update","firebase.projects.get"]}
[info] 
[info] === Deploying to 'jplearning-2dbfb'...
[info] 
[info] i  deploying firestore 
[info] i  firestore: ensuring required API firestore.googleapis.com is enabled... 
[info] i  firestore: ensuring required API firestore.googleapis.com is enabled... 
[debug] [2026-05-29T10:19:11.468Z] Checked if tokens are valid: true, expires at: 1780053357268
[debug] [2026-05-29T10:19:11.468Z] Checked if tokens are valid: true, expires at: 1780053357268
[debug] [2026-05-29T10:19:11.468Z] >>> [apiv2][query] GET https://firestore.googleapis.com/v1/projects/jplearning-2dbfb/databases/(default) [none]
[debug] [2026-05-29T10:19:11.707Z] <<< [apiv2][status] GET https://firestore.googleapis.com/v1/projects/jplearning-2dbfb/databases/(default) 200
[debug] [2026-05-29T10:19:11.707Z] <<< [apiv2][body] GET https://firestore.googleapis.com/v1/projects/jplearning-2dbfb/databases/(default) {"name":"projects/jplearning-2dbfb/databases/(default)","uid":"eefd614b-3f5c-4a74-829e-cfc2dfc3f462","createTime":"2026-05-29T04:21:50.804359Z","updateTime":"2026-05-29T04:21:50.804359Z","locationId":"asia-northeast3","type":"FIRESTORE_NATIVE","concurrencyMode":"PESSIMISTIC","versionRetentionPeriod":"3600s","earliestVersionTime":"2026-05-29T09:19:12.038145Z","appEngineIntegrationMode":"DISABLED","keyPrefix":"v","pointInTimeRecoveryEnablement":"POINT_IN_TIME_RECOVERY_DISABLED","deleteProtectionState":"DELETE_PROTECTION_DISABLED","databaseEdition":"STANDARD","freeTier":true,"realtimeUpdatesMode":"REALTIME_UPDATES_MODE_ENABLED","etag":"ILm2y+ii3pQDMPzA2orT3ZQD"}
[info] i  cloud.firestore: checking firestore.rules for compilation errors... 
[debug] [2026-05-29T10:19:11.709Z] Checked if tokens are valid: true, expires at: 1780053357268
[debug] [2026-05-29T10:19:11.709Z] Checked if tokens are valid: true, expires at: 1780053357268
[debug] [2026-05-29T10:19:11.709Z] >>> [apiv2][query] POST https://firebaserules.googleapis.com/v1/projects/jplearning-2dbfb:test [none]
[debug] [2026-05-29T10:19:11.709Z] >>> [apiv2][body] POST https://firebaserules.googleapis.com/v1/projects/jplearning-2dbfb:test [omitted]
[debug] [2026-05-29T10:19:13.011Z] <<< [apiv2][status] POST https://firebaserules.googleapis.com/v1/projects/jplearning-2dbfb:test 200
[debug] [2026-05-29T10:19:13.011Z] <<< [apiv2][body] POST https://firebaserules.googleapis.com/v1/projects/jplearning-2dbfb:test {}
[info] +  cloud.firestore: rules file firestore.rules compiled successfully 
[debug] [2026-05-29T10:19:13.013Z] Checked if tokens are valid: true, expires at: 1780053357268
[debug] [2026-05-29T10:19:13.013Z] Checked if tokens are valid: true, expires at: 1780053357268
[debug] [2026-05-29T10:19:13.013Z] >>> [apiv2][query] GET https://firebaserules.googleapis.com/v1/projects/jplearning-2dbfb/releases pageSize=10&pageToken=
[debug] [2026-05-29T10:19:14.132Z] <<< [apiv2][status] GET https://firebaserules.googleapis.com/v1/projects/jplearning-2dbfb/releases 200
[debug] [2026-05-29T10:19:14.132Z] <<< [apiv2][body] GET https://firebaserules.googleapis.com/v1/projects/jplearning-2dbfb/releases {"releases":[{"name":"projects/jplearning-2dbfb/releases/cloud.firestore","rulesetName":"projects/jplearning-2dbfb/rulesets/ca846fe3-0259-439d-a039-23b62ffb726e","createTime":"2026-05-29T04:21:55.972826Z","updateTime":"2026-05-29T10:16:16.257458Z"}]}
[debug] [2026-05-29T10:19:14.132Z] Checked if tokens are valid: true, expires at: 1780053357268
[debug] [2026-05-29T10:19:14.132Z] Checked if tokens are valid: true, expires at: 1780053357268
[debug] [2026-05-29T10:19:14.133Z] >>> [apiv2][query] GET https://firebaserules.googleapis.com/v1/projects/jplearning-2dbfb/rulesets/ca846fe3-0259-439d-a039-23b62ffb726e [none]
[debug] [2026-05-29T10:19:14.627Z] <<< [apiv2][status] GET https://firebaserules.googleapis.com/v1/projects/jplearning-2dbfb/rulesets/ca846fe3-0259-439d-a039-23b62ffb726e 200
[debug] [2026-05-29T10:19:14.627Z] <<< [apiv2][body] GET https://firebaserules.googleapis.com/v1/projects/jplearning-2dbfb/rulesets/ca846fe3-0259-439d-a039-23b62ffb726e [omitted]
[info] i  firestore: latest version of firestore.rules already up to date, skipping upload... 
[debug] [2026-05-29T10:19:14.628Z] [rules] releasing cloud.firestore with ruleset projects/jplearning-2dbfb/rulesets/ca846fe3-0259-439d-a039-23b62ffb726e
[debug] [2026-05-29T10:19:14.628Z] Checked if tokens are valid: true, expires at: 1780053357268
[debug] [2026-05-29T10:19:14.628Z] Checked if tokens are valid: true, expires at: 1780053357268
[debug] [2026-05-29T10:19:14.628Z] >>> [apiv2][query] PATCH https://firebaserules.googleapis.com/v1/projects/jplearning-2dbfb/releases/cloud.firestore [none]
[debug] [2026-05-29T10:19:14.628Z] >>> [apiv2][body] PATCH https://firebaserules.googleapis.com/v1/projects/jplearning-2dbfb/releases/cloud.firestore {"release":{"name":"projects/jplearning-2dbfb/releases/cloud.firestore","rulesetName":"projects/jplearning-2dbfb/rulesets/ca846fe3-0259-439d-a039-23b62ffb726e"}}
[debug] [2026-05-29T10:19:15.824Z] <<< [apiv2][status] PATCH https://firebaserules.googleapis.com/v1/projects/jplearning-2dbfb/releases/cloud.firestore 200
[debug] [2026-05-29T10:19:15.825Z] <<< [apiv2][body] PATCH https://firebaserules.googleapis.com/v1/projects/jplearning-2dbfb/releases/cloud.firestore {"name":"projects/jplearning-2dbfb/releases/cloud.firestore","rulesetName":"projects/jplearning-2dbfb/rulesets/ca846fe3-0259-439d-a039-23b62ffb726e","createTime":"2026-05-29T04:21:55.972826Z","updateTime":"2026-05-29T10:19:16.046073Z"}
[debug] [2026-05-29T10:19:15.825Z] [rules] updated release projects/jplearning-2dbfb/releases/cloud.firestore
[info] +  firestore: released rules firestore.rules to cloud.firestore 
[info] 
[info] +  Deploy complete! 
[info] 
[info] Project Console: https://console.firebase.google.com/project/jplearning-2dbfb/overview
